[INFO ] 2022-08-27 15:13:35.839 [main] StepDef - Setup executed...
[INFO ] 2022-08-27 15:13:35.906 [main] StepDef - launched Chrome Browser...
[INFO ] 2022-08-27 15:13:49.852 [main] StepDef - url Open...
[INFO ] 2022-08-27 15:13:50.247 [main] StepDef - Enter Email- Password...
[INFO ] 2022-08-27 15:14:04.769 [main] StepDef - Login Button Clicked...
[INFO ] 2022-08-27 15:14:06.811 [main] StepDef - Test Passed : User_can_view_dashboad...
[INFO ] 2022-08-27 15:14:06.970 [main] StepDef - Clicked on Customers Menu...
[INFO ] 2022-08-27 15:14:09.718 [main] StepDef - Clicked on customers Menu Item...
[INFO ] 2022-08-27 15:14:10.054 [main] StepDef - Customer EMail Entered
[INFO ] 2022-08-27 15:14:10.131 [main] StepDef - Clicked on search button...
[INFO ] 2022-08-27 15:14:12.307 [main] StepDef - User found Email in the Search table: Test Passed...
[INFO ] 2022-08-27 15:14:12.576 [main] StepDef - Browser Closed...
[INFO ] 2022-08-27 15:14:12.579 [main] StepDef - Driver Closed
[INFO ] 2022-08-27 15:14:14.422 [main] StepDef - Setup executed...
[INFO ] 2022-08-27 15:14:14.432 [main] StepDef - launched Chrome Browser...
[INFO ] 2022-08-27 15:14:16.531 [main] StepDef - url Open...
[INFO ] 2022-08-27 15:14:17.135 [main] StepDef - Enter Email- Password...
[INFO ] 2022-08-27 15:14:20.671 [main] StepDef - Login Button Clicked...
[WARN ] 2022-08-27 15:14:22.691 [main] StepDef - Test Passed : Login Title Page Found
[INFO ] 2022-08-27 15:14:26.561 [main] StepDef - Logout Button Clicked...
[WARN ] 2022-08-27 15:14:28.579 [main] StepDef - Test Passed : Login Title Page Found
[INFO ] 2022-08-27 15:14:28.803 [main] StepDef - Browser Closed...
[INFO ] 2022-08-27 15:14:28.807 [main] StepDef - Driver Closed
[INFO ] 2022-08-27 15:45:00.463 [main] StepDef - Setup executed...
[INFO ] 2022-08-27 15:45:00.539 [main] StepDef - launched Chrome Browser...
[INFO ] 2022-08-27 15:45:03.620 [main] StepDef - url Open...
[INFO ] 2022-08-27 15:45:03.953 [main] StepDef - Enter Email- Password...
[INFO ] 2022-08-27 15:45:08.615 [main] StepDef - Login Button Clicked...
[INFO ] 2022-08-27 15:45:10.631 [main] StepDef - Test Passed : User_can_view_dashboad...
[INFO ] 2022-08-27 15:45:10.731 [main] StepDef - Clicked on Customers Menu...
[INFO ] 2022-08-27 15:45:13.148 [main] StepDef - Clicked on customers Menu Item...
[INFO ] 2022-08-27 15:45:14.948 [main] StepDef - Clicked on Add new button...
[INFO ] 2022-08-27 15:45:16.969 [main] StepDef - User can view Add new customer page: Test Passed...
[INFO ] 2022-08-27 15:45:18.282 [main] StepDef - Coustumer Information Entred...
[INFO ] 2022-08-27 15:45:20.317 [main] StepDef - clicked on Save button...
[INFO ] 2022-08-27 15:45:20.587 [main] StepDef - User can view confirmation message : Test Passed...
[INFO ] 2022-08-27 15:45:20.837 [main] StepDef - Browser Closed...
[INFO ] 2022-08-27 15:45:20.842 [main] StepDef - Driver Closed
[INFO ] 2022-08-27 15:45:22.664 [main] StepDef - Setup executed...
[INFO ] 2022-08-27 15:45:22.666 [main] StepDef - launched Chrome Browser...
[INFO ] 2022-08-27 15:45:24.432 [main] StepDef - url Open...
[INFO ] 2022-08-27 15:45:24.906 [main] StepDef - Enter Email- Password...
[INFO ] 2022-08-27 15:45:29.113 [main] StepDef - Login Button Clicked...
[INFO ] 2022-08-27 15:45:31.138 [main] StepDef - Test Passed : User_can_view_dashboad...
[INFO ] 2022-08-27 15:45:31.363 [main] StepDef - Clicked on Customers Menu...
[INFO ] 2022-08-27 15:45:33.501 [main] StepDef - Clicked on customers Menu Item...
[INFO ] 2022-08-27 15:45:33.700 [main] StepDef - Customer EMail Entered
[INFO ] 2022-08-27 15:45:33.800 [main] StepDef - Clicked on search button...
[INFO ] 2022-08-27 15:45:35.950 [main] StepDef - User found Email in the Search table: Test Passed...
[INFO ] 2022-08-27 15:45:36.175 [main] StepDef - Browser Closed...
[INFO ] 2022-08-27 15:45:36.175 [main] StepDef - Driver Closed
[INFO ] 2022-08-27 15:45:38.277 [main] StepDef - Setup executed...
[INFO ] 2022-08-27 15:45:38.281 [main] StepDef - launched Chrome Browser...
[INFO ] 2022-08-27 15:45:40.175 [main] StepDef - url Open...
[INFO ] 2022-08-27 15:45:40.548 [main] StepDef - Enter Email- Password...
[INFO ] 2022-08-27 15:45:44.163 [main] StepDef - Login Button Clicked...
[INFO ] 2022-08-27 15:45:46.201 [main] StepDef - Test Passed : User_can_view_dashboad...
[INFO ] 2022-08-27 15:45:46.347 [main] StepDef - Clicked on Customers Menu...
[INFO ] 2022-08-27 15:45:48.276 [main] StepDef - Clicked on customers Menu Item...
[INFO ] 2022-08-27 15:45:48.411 [main] StepDef - Customer FirstName Entred...
[INFO ] 2022-08-27 15:45:48.537 [main] StepDef - Customer LastName Entred...
[INFO ] 2022-08-27 15:45:48.631 [main] StepDef - Clicked on search button...
[INFO ] 2022-08-27 15:45:50.710 [main] StepDef - User found First Name in the Search table: Test Passed...
[INFO ] 2022-08-27 15:45:50.716 [main] StepDef - Screen Shot Captured
[INFO ] 2022-08-27 15:45:50.946 [main] StepDef - Driver Closed
[INFO ] 2022-08-27 15:46:38.215 [main] StepDef - Setup executed...
[INFO ] 2022-08-27 15:46:38.291 [main] StepDef - launched Chrome Browser...
[INFO ] 2022-08-27 15:46:40.150 [main] StepDef - Screen Shot Captured
[INFO ] 2022-08-27 15:46:44.588 [main] StepDef - Setup executed...
[INFO ] 2022-08-27 15:46:44.594 [main] StepDef - launched Chrome Browser...
[INFO ] 2022-08-27 15:46:46.532 [main] StepDef - url Open...
[INFO ] 2022-08-27 15:46:46.911 [main] StepDef - Enter Email- Password...
[INFO ] 2022-08-27 15:46:50.364 [main] StepDef - Login Button Clicked...
[WARN ] 2022-08-27 15:46:52.411 [main] StepDef - Test Passed : Login Title Page Found
[INFO ] 2022-08-27 15:46:56.161 [main] StepDef - Logout Button Clicked...
[WARN ] 2022-08-27 15:46:58.175 [main] StepDef - Test Passed : Login Title Page Found
[INFO ] 2022-08-27 15:46:58.524 [main] StepDef - Browser Closed...
[INFO ] 2022-08-27 15:46:58.525 [main] StepDef - Driver Closed
[INFO ] 2022-08-27 15:49:33.040 [main] StepDef - Setup executed...
[INFO ] 2022-08-27 15:49:33.114 [main] StepDef - launched Chrome Browser...
[INFO ] 2022-08-27 15:49:36.061 [main] StepDef - url Open...
[INFO ] 2022-08-27 15:49:36.441 [main] StepDef - Enter Email- Password...
[INFO ] 2022-08-27 15:49:41.442 [main] StepDef - Login Button Clicked...
[INFO ] 2022-08-27 15:49:43.487 [main] StepDef - Test Passed : User_can_view_dashboad...
[INFO ] 2022-08-27 15:49:43.691 [main] StepDef - Clicked on Customers Menu...
[INFO ] 2022-08-27 15:49:45.792 [main] StepDef - Clicked on customers Menu Item...
[INFO ] 2022-08-27 15:49:46.064 [main] StepDef - Customer EMail Entered
[INFO ] 2022-08-27 15:49:46.155 [main] StepDef - Clicked on search button...
[INFO ] 2022-08-27 15:49:48.236 [main] StepDef - User found Email in the Search table: Test Passed...
[INFO ] 2022-08-27 15:49:48.529 [main] StepDef - Browser Closed...
[INFO ] 2022-08-27 15:49:48.531 [main] StepDef - Driver Closed
[INFO ] 2022-08-27 15:49:50.799 [main] StepDef - Setup executed...
[INFO ] 2022-08-27 15:49:50.804 [main] StepDef - launched Chrome Browser...
[INFO ] 2022-08-27 15:49:53.730 [main] StepDef - url Open...
[INFO ] 2022-08-27 15:49:54.053 [main] StepDef - Enter Email- Password...
[INFO ] 2022-08-27 15:49:57.630 [main] StepDef - Login Button Clicked...
[WARN ] 2022-08-27 15:49:59.671 [main] StepDef - Test Passed : Login Title Page Found
[INFO ] 2022-08-27 15:50:03.360 [main] StepDef - Logout Button Clicked...
[WARN ] 2022-08-27 15:50:05.374 [main] StepDef - Test Passed : Login Title Page Found
[INFO ] 2022-08-27 15:50:05.552 [main] StepDef - Browser Closed...
[INFO ] 2022-08-27 15:50:05.558 [main] StepDef - Driver Closed
[INFO ] 2022-08-27 17:17:13.949 [main] StepDef - Setup executed...
[INFO ] 2022-08-27 17:17:14.035 [main] StepDef - launched Chrome Browser...
[INFO ] 2022-08-27 17:17:43.377 [main] StepDef - url Open...
[INFO ] 2022-08-27 17:17:43.807 [main] StepDef - Enter Email- Password...
[INFO ] 2022-08-27 17:17:57.753 [main] StepDef - Login Button Clicked...
[INFO ] 2022-08-27 17:17:59.954 [main] StepDef - Test Passed : User_can_view_dashboad...
[INFO ] 2022-08-27 17:18:00.189 [main] StepDef - Clicked on Customers Menu...
[INFO ] 2022-08-27 17:18:03.084 [main] StepDef - Clicked on customers Menu Item...
[INFO ] 2022-08-27 17:18:03.423 [main] StepDef - Customer EMail Entered
[INFO ] 2022-08-27 17:18:03.645 [main] StepDef - Clicked on search button...
[INFO ] 2022-08-27 17:18:05.895 [main] StepDef - User found Email in the Search table: Test Passed...
[INFO ] 2022-08-27 17:18:06.348 [main] StepDef - Browser Closed...
[INFO ] 2022-08-27 17:18:08.034 [main] StepDef - Setup executed...
[INFO ] 2022-08-27 17:18:08.037 [main] StepDef - launched Chrome Browser...
[INFO ] 2022-08-27 17:18:11.236 [main] StepDef - url Open...
[INFO ] 2022-08-27 17:18:11.636 [main] StepDef - Enter Email- Password...
[INFO ] 2022-08-27 17:18:15.180 [main] StepDef - Login Button Clicked...
[WARN ] 2022-08-27 17:18:17.387 [main] StepDef - Test Passed : Login Title Page Found
[INFO ] 2022-08-27 17:18:21.269 [main] StepDef - Logout Button Clicked...
[WARN ] 2022-08-27 17:18:23.435 [main] StepDef - Test Passed : Login Title Page Found
[INFO ] 2022-08-27 17:18:23.726 [main] StepDef - Browser Closed...
[INFO ] 2022-08-27 17:36:37.623 [main] StepDef - Setup executed...
[INFO ] 2022-08-27 17:36:37.701 [main] StepDef - launched Chrome Browser...
[INFO ] 2022-08-27 17:36:37.706 [main] StepDef - Driver Closed
[INFO ] 2022-08-27 17:36:39.905 [main] StepDef - Setup executed...
[INFO ] 2022-08-27 17:36:39.909 [main] StepDef - launched Chrome Browser...
[INFO ] 2022-08-27 17:36:39.911 [main] StepDef - Driver Closed
[INFO ] 2022-08-27 17:37:25.107 [main] StepDef - Setup executed...
[INFO ] 2022-08-27 17:37:25.171 [main] StepDef - launched Chrome Browser...
[INFO ] 2022-08-27 17:37:25.173 [main] StepDef - Driver Closed
[INFO ] 2022-08-27 17:37:27.119 [main] StepDef - Setup executed...
[INFO ] 2022-08-27 17:37:27.122 [main] StepDef - launched Chrome Browser...
[INFO ] 2022-08-27 17:37:27.123 [main] StepDef - Driver Closed
[INFO ] 2022-08-27 17:40:11.083 [main] StepDef - Setup executed...
[INFO ] 2022-08-27 17:40:11.160 [main] StepDef - launched Chrome Browser...
[INFO ] 2022-08-27 17:40:13.882 [main] StepDef - url Open...
[INFO ] 2022-08-27 17:40:14.214 [main] StepDef - Enter Email- Password...
[INFO ] 2022-08-27 17:40:18.709 [main] StepDef - Login Button Clicked...
[INFO ] 2022-08-27 17:40:20.751 [main] StepDef - Test Passed : User_can_view_dashboad...
[INFO ] 2022-08-27 17:40:20.859 [main] StepDef - Clicked on Customers Menu...
[INFO ] 2022-08-27 17:40:22.607 [main] StepDef - Clicked on customers Menu Item...
[INFO ] 2022-08-27 17:40:22.794 [main] StepDef - Customer EMail Entered
[INFO ] 2022-08-27 17:40:34.637 [main] StepDef - Setup executed...
[INFO ] 2022-08-27 17:40:34.640 [main] StepDef - launched Chrome Browser...
[INFO ] 2022-08-27 17:40:53.302 [main] StepDef - url Open...
[INFO ] 2022-08-27 17:40:53.814 [main] StepDef - Enter Email- Password...
[INFO ] 2022-08-27 17:41:01.187 [main] StepDef - Login Button Clicked...
[WARN ] 2022-08-27 17:41:03.215 [main] StepDef - Test Passed : Login Title Page Found
[INFO ] 2022-08-27 17:41:06.998 [main] StepDef - Logout Button Clicked...
[WARN ] 2022-08-27 17:41:09.023 [main] StepDef - Test Passed : Login Title Page Found
[INFO ] 2022-08-27 17:41:09.312 [main] StepDef - Browser Closed...
[INFO ] 2022-08-27 17:49:04.355 [main] StepDef - Setup executed...
[INFO ] 2022-08-27 17:49:04.414 [main] StepDef - launched Chrome Browser...
[INFO ] 2022-08-27 17:49:07.238 [main] StepDef - url Open...
[INFO ] 2022-08-27 17:49:07.555 [main] StepDef - Enter Email- Password...
[INFO ] 2022-08-27 17:49:11.951 [main] StepDef - Login Button Clicked...
[INFO ] 2022-08-27 17:49:13.992 [main] StepDef - Test Passed : User_can_view_dashboad...
[INFO ] 2022-08-27 17:49:14.099 [main] StepDef - Clicked on Customers Menu...
[INFO ] 2022-08-27 17:49:15.792 [main] StepDef - Clicked on customers Menu Item...
[INFO ] 2022-08-27 17:49:15.989 [main] StepDef - Customer EMail Entered
[INFO ] 2022-08-27 17:49:16.097 [main] StepDef - Clicked on search button...
[INFO ] 2022-08-27 17:49:18.193 [main] StepDef - User found Email in the Search table: Test Passed...
[INFO ] 2022-08-27 17:49:18.394 [main] StepDef - Browser Closed...
[INFO ] 2022-08-27 17:49:19.807 [main] StepDef - Setup executed...
[INFO ] 2022-08-27 17:49:19.812 [main] StepDef - launched Chrome Browser...
[INFO ] 2022-08-27 17:49:21.522 [main] StepDef - url Open...
[INFO ] 2022-08-27 17:49:21.864 [main] StepDef - Enter Email- Password...
[INFO ] 2022-08-27 17:49:25.144 [main] StepDef - Login Button Clicked...
[WARN ] 2022-08-27 17:49:27.172 [main] StepDef - Test Passed : Login Title Page Found
[INFO ] 2022-08-27 17:49:30.875 [main] StepDef - Logout Button Clicked...
[WARN ] 2022-08-27 17:49:32.886 [main] StepDef - Test Passed : Login Title Page Found
[INFO ] 2022-08-27 17:49:33.127 [main] StepDef - Browser Closed...
[INFO ] 2022-08-27 18:04:25.322 [main] StepDef - Setup executed...
[INFO ] 2022-08-27 18:04:25.394 [main] StepDef - launched Chrome Browser...
[INFO ] 2022-08-27 18:04:28.225 [main] StepDef - url Open...
[INFO ] 2022-08-27 18:04:28.659 [main] StepDef - Enter Email- Password...
[INFO ] 2022-08-27 18:04:32.118 [main] StepDef - Login Button Clicked...
[INFO ] 2022-08-27 18:04:34.146 [main] StepDef - Test Passed : User_can_view_dashboad...
[INFO ] 2022-08-27 18:04:34.264 [main] StepDef - Clicked on Customers Menu...
[INFO ] 2022-08-27 18:04:36.475 [main] StepDef - Clicked on customers Menu Item...
[INFO ] 2022-08-27 18:04:36.815 [main] StepDef - Customer EMail Entered
[INFO ] 2022-08-27 18:04:36.970 [main] StepDef - Clicked on search button...
[INFO ] 2022-08-27 18:04:39.045 [main] StepDef - User found Email in the Search table: Test Passed...
[INFO ] 2022-08-27 18:04:39.239 [main] StepDef - Browser Closed...
[INFO ] 2022-08-27 18:04:41.255 [main] StepDef - Setup executed...
[INFO ] 2022-08-27 18:04:41.274 [main] StepDef - launched Chrome Browser...
[INFO ] 2022-08-27 18:04:43.072 [main] StepDef - url Open...
[INFO ] 2022-08-27 18:04:43.387 [main] StepDef - Enter Email- Password...
[INFO ] 2022-08-27 18:04:46.676 [main] StepDef - Login Button Clicked...
[WARN ] 2022-08-27 18:04:48.704 [main] StepDef - Test Passed : Login Title Page Found
[INFO ] 2022-08-27 18:04:52.394 [main] StepDef - Logout Button Clicked...
[WARN ] 2022-08-27 18:04:54.416 [main] StepDef - Test Passed : Login Title Page Found
[INFO ] 2022-08-27 18:04:55.061 [main] StepDef - Browser Closed...
[INFO ] 2022-08-27 18:26:05.132 [main] StepDef - Setup executed...
[INFO ] 2022-08-27 18:26:05.300 [main] StepDef - launched Chrome Browser...
[INFO ] 2022-08-27 18:26:08.171 [main] StepDef - url Open...
[INFO ] 2022-08-27 18:26:08.498 [main] StepDef - Enter Email- Password...
[INFO ] 2022-08-27 18:26:11.624 [main] StepDef - Login Button Clicked...
[INFO ] 2022-08-27 18:26:13.651 [main] StepDef - Test Passed : User_can_view_dashboad...
[INFO ] 2022-08-27 18:26:13.764 [main] StepDef - Clicked on Customers Menu...
[INFO ] 2022-08-27 18:26:15.675 [main] StepDef - Clicked on customers Menu Item...
[INFO ] 2022-08-27 18:26:15.885 [main] StepDef - Customer EMail Entered
[INFO ] 2022-08-27 18:26:15.991 [main] StepDef - Clicked on search button...
[INFO ] 2022-08-27 18:26:18.135 [main] StepDef - User found Email in the Search table: Test Passed...
[INFO ] 2022-08-27 18:26:18.347 [main] StepDef - Browser Closed...
[INFO ] 2022-08-27 18:26:20.021 [main] StepDef - Setup executed...
[INFO ] 2022-08-27 18:26:20.025 [main] StepDef - launched Chrome Browser...
[INFO ] 2022-08-27 18:26:21.669 [main] StepDef - url Open...
[INFO ] 2022-08-27 18:26:21.985 [main] StepDef - Enter Email- Password...
[INFO ] 2022-08-27 18:26:25.908 [main] StepDef - Login Button Clicked...
[WARN ] 2022-08-27 18:26:27.921 [main] StepDef - Test Passed : Login Title Page Found
[INFO ] 2022-08-27 18:29:35.572 [main] StepDef - Setup executed...
[INFO ] 2022-08-27 18:29:35.642 [main] StepDef - launched Chrome Browser...
[INFO ] 2022-08-27 18:29:38.339 [main] StepDef - url Open...
[INFO ] 2022-08-27 18:29:38.660 [main] StepDef - Enter Email- Password...
[INFO ] 2022-08-27 18:29:42.802 [main] StepDef - Login Button Clicked...
[INFO ] 2022-08-27 18:29:44.823 [main] StepDef - Test Passed : User_can_view_dashboad...
[INFO ] 2022-08-27 18:29:44.918 [main] StepDef - Clicked on Customers Menu...
[INFO ] 2022-08-27 18:29:46.684 [main] StepDef - Clicked on customers Menu Item...
[INFO ] 2022-08-27 18:29:46.888 [main] StepDef - Customer EMail Entered
[INFO ] 2022-08-27 18:29:46.980 [main] StepDef - Clicked on search button...
[INFO ] 2022-08-27 18:29:49.074 [main] StepDef - User found Email in the Search table: Test Passed...
[INFO ] 2022-08-27 18:29:49.301 [main] StepDef - Browser Closed...
[INFO ] 2022-08-27 18:29:50.763 [main] StepDef - Setup executed...
[INFO ] 2022-08-27 18:29:50.768 [main] StepDef - launched Chrome Browser...
[INFO ] 2022-08-27 18:29:53.196 [main] StepDef - url Open...
[INFO ] 2022-08-27 18:29:53.503 [main] StepDef - Enter Email- Password...
[INFO ] 2022-08-27 18:29:56.498 [main] StepDef - Login Button Clicked...
[WARN ] 2022-08-27 18:29:58.535 [main] StepDef - Test Passed : Login Title Page Found
[INFO ] 2022-08-27 18:30:02.295 [main] StepDef - Logout Button Clicked...
[WARN ] 2022-08-27 18:30:04.319 [main] StepDef - Test Passed : Login Title Page Found
[INFO ] 2022-08-27 18:30:04.499 [main] StepDef - Browser Closed...
[INFO ] 2022-08-27 18:31:23.482 [main] StepDef - Setup executed...
[INFO ] 2022-08-27 18:31:23.565 [main] StepDef - launched Chrome Browser...
[INFO ] 2022-08-27 18:31:26.021 [main] StepDef - url Open...
[INFO ] 2022-08-27 18:31:26.363 [main] StepDef - Enter Email- Password...
[INFO ] 2022-08-27 18:31:30.387 [main] StepDef - Login Button Clicked...
[INFO ] 2022-08-27 18:31:32.422 [main] StepDef - Test Passed : User_can_view_dashboad...
[INFO ] 2022-08-27 18:31:32.512 [main] StepDef - Clicked on Customers Menu...
[INFO ] 2022-08-27 18:31:34.155 [main] StepDef - Clicked on customers Menu Item...
[INFO ] 2022-08-27 18:31:34.398 [main] StepDef - Customer EMail Entered
[INFO ] 2022-08-27 18:31:34.489 [main] StepDef - Clicked on search button...
[INFO ] 2022-08-27 18:31:36.593 [main] StepDef - User found Email in the Search table: Test Passed...
[INFO ] 2022-08-27 18:31:36.773 [main] StepDef - Browser Closed...
[INFO ] 2022-08-27 18:31:38.256 [main] StepDef - Setup executed...
[INFO ] 2022-08-27 18:31:38.263 [main] StepDef - launched Chrome Browser...
[INFO ] 2022-08-27 18:31:39.999 [main] StepDef - url Open...
[INFO ] 2022-08-27 18:31:40.304 [main] StepDef - Enter Email- Password...
[INFO ] 2022-08-27 18:31:43.130 [main] StepDef - Login Button Clicked...
[WARN ] 2022-08-27 18:31:45.153 [main] StepDef - Test Passed : Login Title Page Found
[INFO ] 2022-08-27 18:31:48.775 [main] StepDef - Logout Button Clicked...
[WARN ] 2022-08-27 18:31:50.796 [main] StepDef - Test Passed : Login Title Page Found
[INFO ] 2022-08-27 18:31:51.029 [main] StepDef - Browser Closed...
[INFO ] 2022-08-27 18:33:23.979 [main] StepDef - Setup executed...
[INFO ] 2022-08-27 18:33:24.062 [main] StepDef - launched Chrome Browser...
[INFO ] 2022-08-27 18:33:25.843 [main] StepDef - url Open...
[INFO ] 2022-08-27 18:33:26.175 [main] StepDef - Enter Email- Password...
[INFO ] 2022-08-27 18:33:29.295 [main] StepDef - Login Button Clicked...
[INFO ] 2022-08-27 18:33:31.328 [main] StepDef - Test Passed : User_can_view_dashboad...
[INFO ] 2022-08-27 18:33:31.452 [main] StepDef - Clicked on Customers Menu...
[INFO ] 2022-08-27 18:33:33.456 [main] StepDef - Clicked on customers Menu Item...
[INFO ] 2022-08-27 18:33:33.699 [main] StepDef - Customer EMail Entered
[INFO ] 2022-08-27 18:33:33.791 [main] StepDef - Clicked on search button...
[INFO ] 2022-08-27 18:33:35.862 [main] StepDef - User found Email in the Search table: Test Passed...
[INFO ] 2022-08-27 18:33:36.125 [main] StepDef - Browser Closed...
[INFO ] 2022-08-27 18:33:37.816 [main] StepDef - Setup executed...
[INFO ] 2022-08-27 18:33:37.823 [main] StepDef - launched Chrome Browser...
[INFO ] 2022-08-27 18:33:40.493 [main] StepDef - url Open...
[INFO ] 2022-08-27 18:33:40.821 [main] StepDef - Enter Email- Password...
[INFO ] 2022-08-27 18:33:44.982 [main] StepDef - Login Button Clicked...
[WARN ] 2022-08-27 18:33:47.005 [main] StepDef - Test Passed : Login Title Page Found
[INFO ] 2022-08-27 18:33:50.609 [main] StepDef - Logout Button Clicked...
[WARN ] 2022-08-27 18:33:52.619 [main] StepDef - Test Passed : Login Title Page Found
[INFO ] 2022-08-27 18:33:52.816 [main] StepDef - Browser Closed...
[INFO ] 2022-08-27 18:36:24.199 [main] StepDef - Setup executed...
[INFO ] 2022-08-27 18:36:24.283 [main] StepDef - launched Chrome Browser...
[INFO ] 2022-08-27 18:36:26.864 [main] StepDef - url Open...
[INFO ] 2022-08-27 18:36:27.168 [main] StepDef - Enter Email- Password...
[INFO ] 2022-08-27 18:36:32.775 [main] StepDef - Login Button Clicked...
[INFO ] 2022-08-27 18:36:34.814 [main] StepDef - Test Passed : User_can_view_dashboad...
[INFO ] 2022-08-27 18:36:34.915 [main] StepDef - Clicked on Customers Menu...
[INFO ] 2022-08-27 18:36:36.664 [main] StepDef - Clicked on customers Menu Item...
[INFO ] 2022-08-27 18:36:36.865 [main] StepDef - Customer EMail Entered
[INFO ] 2022-08-27 18:36:36.962 [main] StepDef - Clicked on search button...
[INFO ] 2022-08-27 18:36:39.066 [main] StepDef - User found Email in the Search table: Test Passed...
[INFO ] 2022-08-27 18:36:39.211 [main] StepDef - Browser Closed...
[INFO ] 2022-08-27 18:36:40.713 [main] StepDef - Setup executed...
[INFO ] 2022-08-27 18:36:40.716 [main] StepDef - launched Chrome Browser...
[INFO ] 2022-08-27 18:36:43.549 [main] StepDef - url Open...
[INFO ] 2022-08-27 18:36:43.878 [main] StepDef - Enter Email- Password...
[INFO ] 2022-08-27 18:36:48.232 [main] StepDef - Login Button Clicked...
[WARN ] 2022-08-27 18:36:50.260 [main] StepDef - Test Passed : Login Title Page Found
[INFO ] 2022-08-27 18:39:32.068 [main] StepDef - Setup executed...
[INFO ] 2022-08-27 18:39:32.147 [main] StepDef - launched Chrome Browser...
[INFO ] 2022-08-27 18:39:34.785 [main] StepDef - url Open...
[INFO ] 2022-08-27 18:39:35.105 [main] StepDef - Enter Email- Password...
[INFO ] 2022-08-27 18:39:39.084 [main] StepDef - Login Button Clicked...
[INFO ] 2022-08-27 18:39:41.110 [main] StepDef - Test Passed : User_can_view_dashboad...
[INFO ] 2022-08-27 18:39:41.204 [main] StepDef - Clicked on Customers Menu...
[INFO ] 2022-08-27 18:39:43.212 [main] StepDef - Clicked on customers Menu Item...
[INFO ] 2022-08-27 18:39:43.417 [main] StepDef - Customer EMail Entered
[INFO ] 2022-08-27 18:39:43.523 [main] StepDef - Clicked on search button...
[INFO ] 2022-08-27 18:39:45.624 [main] StepDef - User found Email in the Search table: Test Passed...
[INFO ] 2022-08-27 18:39:45.890 [main] StepDef - Browser Closed...
[INFO ] 2022-08-27 18:39:47.615 [main] StepDef - Setup executed...
[INFO ] 2022-08-27 18:39:47.618 [main] StepDef - launched Chrome Browser...
[INFO ] 2022-08-27 18:40:05.978 [main] StepDef - url Open...
[INFO ] 2022-08-27 18:40:06.415 [main] StepDef - Enter Email- Password...
[INFO ] 2022-08-27 18:40:12.652 [main] StepDef - Login Button Clicked...
[WARN ] 2022-08-27 18:40:14.671 [main] StepDef - Test Passed : Login Title Page Found
[INFO ] 2022-08-27 18:40:18.464 [main] StepDef - Logout Button Clicked...
[WARN ] 2022-08-27 18:40:20.486 [main] StepDef - Test Passed : Login Title Page Found
[INFO ] 2022-08-27 18:40:20.691 [main] StepDef - Browser Closed...
[INFO ] 2022-08-27 18:41:52.550 [main] StepDef - Setup executed...
[INFO ] 2022-08-27 18:41:52.615 [main] StepDef - launched Chrome Browser...
[INFO ] 2022-08-27 18:41:55.464 [main] StepDef - url Open...
[INFO ] 2022-08-27 18:41:55.787 [main] StepDef - Enter Email- Password...
[INFO ] 2022-08-27 18:41:58.860 [main] StepDef - Login Button Clicked...
[INFO ] 2022-08-27 18:42:00.878 [main] StepDef - Test Passed : User_can_view_dashboad...
[INFO ] 2022-08-27 18:42:01.024 [main] StepDef - Clicked on Customers Menu...
[INFO ] 2022-08-27 18:42:03.115 [main] StepDef - Clicked on customers Menu Item...
[INFO ] 2022-08-27 18:42:03.372 [main] StepDef - Customer EMail Entered
[INFO ] 2022-08-27 18:42:03.465 [main] StepDef - Clicked on search button...
[INFO ] 2022-08-27 18:42:05.542 [main] StepDef - User found Email in the Search table: Test Passed...
[INFO ] 2022-08-27 18:42:05.776 [main] StepDef - Browser Closed...
[INFO ] 2022-08-27 18:42:07.221 [main] StepDef - Setup executed...
[INFO ] 2022-08-27 18:42:07.225 [main] StepDef - launched Chrome Browser...
[INFO ] 2022-08-27 18:42:08.880 [main] StepDef - url Open...
[INFO ] 2022-08-27 18:42:09.194 [main] StepDef - Enter Email- Password...
[INFO ] 2022-08-27 18:42:12.080 [main] StepDef - Login Button Clicked...
[WARN ] 2022-08-27 18:42:14.110 [main] StepDef - Test Passed : Login Title Page Found
[INFO ] 2022-08-27 18:42:17.744 [main] StepDef - Logout Button Clicked...
[WARN ] 2022-08-27 18:42:19.767 [main] StepDef - Test Passed : Login Title Page Found
[INFO ] 2022-08-27 18:42:19.960 [main] StepDef - Browser Closed...
[INFO ] 2022-08-29 12:28:39.114 [main] StepDef - Setup executed...
[INFO ] 2022-08-29 12:28:39.200 [main] StepDef - launched Chrome Browser...
[INFO ] 2022-08-29 12:28:42.396 [main] StepDef - url Open...
[INFO ] 2022-08-29 12:28:42.734 [main] StepDef - Enter Email- Password...
[INFO ] 2022-08-29 12:28:46.133 [main] StepDef - Login Button Clicked...
[INFO ] 2022-08-29 12:28:48.183 [main] StepDef - Test Passed : User_can_view_dashboad...
[INFO ] 2022-08-29 12:28:48.302 [main] StepDef - Clicked on Customers Menu...
[INFO ] 2022-08-29 12:28:50.179 [main] StepDef - Clicked on customers Menu Item...
[INFO ] 2022-08-29 12:28:50.383 [main] StepDef - Customer EMail Entered
[INFO ] 2022-08-29 12:28:50.482 [main] StepDef - Clicked on search button...
[INFO ] 2022-08-29 12:28:52.628 [main] StepDef - User found Email in the Search table: Test Passed...
[INFO ] 2022-08-29 12:28:52.881 [main] StepDef - Browser Closed...
[INFO ] 2022-08-29 12:28:54.403 [main] StepDef - Setup executed...
[INFO ] 2022-08-29 12:28:54.408 [main] StepDef - launched Chrome Browser...
[INFO ] 2022-08-29 12:28:56.260 [main] StepDef - url Open...
[INFO ] 2022-08-29 12:28:56.625 [main] StepDef - Enter Email- Password...
[INFO ] 2022-08-29 12:29:00.857 [main] StepDef - Login Button Clicked...
[WARN ] 2022-08-29 12:29:02.882 [main] StepDef - Test Passed : Login Title Page Found
[INFO ] 2022-08-29 12:29:06.603 [main] StepDef - Logout Button Clicked...
[WARN ] 2022-08-29 12:29:08.619 [main] StepDef - Test Passed : Login Title Page Found
[INFO ] 2022-08-29 12:29:08.862 [main] StepDef - Browser Closed...
[INFO ] 2022-08-29 12:52:34.247 [main] StepDef - Setup executed...
[INFO ] 2022-08-29 12:52:34.385 [main] StepDef - launched Chrome Browser...
[INFO ] 2022-08-29 12:52:37.217 [main] StepDef - url Open...
[INFO ] 2022-08-29 12:52:37.770 [main] StepDef - Enter Email- Password...
[INFO ] 2022-08-29 12:52:41.199 [main] StepDef - Login Button Clicked...
[INFO ] 2022-08-29 12:52:43.249 [main] StepDef - Test Passed : User_can_view_dashboad...
[INFO ] 2022-08-29 12:52:43.513 [main] StepDef - Clicked on Customers Menu...
[INFO ] 2022-08-29 12:52:45.613 [main] StepDef - Clicked on customers Menu Item...
[INFO ] 2022-08-29 12:52:45.825 [main] StepDef - Customer EMail Entered
[INFO ] 2022-08-29 12:52:45.935 [main] StepDef - Clicked on search button...
[INFO ] 2022-08-29 12:52:48.128 [main] StepDef - User found Email in the Search table: Test Passed...
[INFO ] 2022-08-29 12:52:48.345 [main] StepDef - Browser Closed...
[INFO ] 2022-08-29 12:52:50.180 [main] StepDef - Setup executed...
[INFO ] 2022-08-29 12:52:50.185 [main] StepDef - launched Chrome Browser...
[INFO ] 2022-08-29 12:52:52.881 [main] StepDef - url Open...
[INFO ] 2022-08-29 12:52:53.402 [main] StepDef - Enter Email- Password...
[INFO ] 2022-08-29 12:52:56.945 [main] StepDef - Login Button Clicked...
[WARN ] 2022-08-29 12:52:58.982 [main] StepDef - Test Passed : Login Title Page Found
[INFO ] 2022-08-29 12:53:02.569 [main] StepDef - Logout Button Clicked...
[WARN ] 2022-08-29 12:53:04.600 [main] StepDef - Test Passed : Login Title Page Found
[INFO ] 2022-08-29 12:53:04.797 [main] StepDef - Browser Closed...
[INFO ] 2022-08-29 13:44:48.196 [main] StepDef - Setup executed...
[INFO ] 2022-08-29 13:44:48.270 [main] StepDef - launched Chrome Browser...
[INFO ] 2022-08-29 13:44:50.968 [main] StepDef - url Open...
[INFO ] 2022-08-29 13:44:51.298 [main] StepDef - Enter Email- Password...
[INFO ] 2022-08-29 13:44:55.025 [main] StepDef - Login Button Clicked...
[INFO ] 2022-08-29 13:44:57.071 [main] StepDef - Test Passed : User_can_view_dashboad...
[INFO ] 2022-08-29 13:44:57.166 [main] StepDef - Clicked on Customers Menu...
[INFO ] 2022-08-29 13:44:58.983 [main] StepDef - Clicked on customers Menu Item...
[INFO ] 2022-08-29 13:44:59.230 [main] StepDef - Customer EMail Entered
[INFO ] 2022-08-29 13:44:59.330 [main] StepDef - Clicked on search button...
[INFO ] 2022-08-29 13:45:01.467 [main] StepDef - User found Email in the Search table: Test Passed...
[INFO ] 2022-08-29 13:45:01.696 [main] StepDef - Browser Closed...
[INFO ] 2022-08-29 13:45:03.220 [main] StepDef - Setup executed...
[INFO ] 2022-08-29 13:45:03.227 [main] StepDef - launched Chrome Browser...
[INFO ] 2022-08-29 13:45:05.141 [main] StepDef - url Open...
[INFO ] 2022-08-29 13:45:05.552 [main] StepDef - Enter Email- Password...
[INFO ] 2022-08-29 13:45:09.120 [main] StepDef - Login Button Clicked...
[WARN ] 2022-08-29 13:45:11.153 [main] StepDef - Test Passed : Login Title Page Found
[INFO ] 2022-08-29 13:45:14.853 [main] StepDef - Logout Button Clicked...
[WARN ] 2022-08-29 13:45:16.876 [main] StepDef - Test Passed : Login Title Page Found
[INFO ] 2022-08-29 13:45:17.086 [main] StepDef - Browser Closed...
[INFO ] 2022-08-29 14:22:32.214 [main] StepDef - Setup executed...
[INFO ] 2022-08-29 14:22:32.333 [main] StepDef - launched Chrome Browser...
[INFO ] 2022-08-29 14:22:37.530 [main] StepDef - url Open...
[INFO ] 2022-08-29 14:22:37.865 [main] StepDef - Enter Email- Password...
[INFO ] 2022-08-29 14:22:42.700 [main] StepDef - Login Button Clicked...
[INFO ] 2022-08-29 14:22:44.735 [main] StepDef - Test Passed : User_can_view_dashboad...
[INFO ] 2022-08-29 14:22:44.924 [main] StepDef - Clicked on Customers Menu...
[INFO ] 2022-08-29 14:22:46.910 [main] StepDef - Clicked on customers Menu Item...
[INFO ] 2022-08-29 14:22:47.118 [main] StepDef - Customer EMail Entered
[INFO ] 2022-08-29 14:22:47.219 [main] StepDef - Clicked on search button...
[INFO ] 2022-08-29 14:22:49.402 [main] StepDef - User found Email in the Search table: Test Passed...
[INFO ] 2022-08-29 14:22:49.659 [main] StepDef - Browser Closed...
[INFO ] 2022-08-29 14:22:51.282 [main] StepDef - Setup executed...
[INFO ] 2022-08-29 14:22:51.288 [main] StepDef - launched Chrome Browser...
[INFO ] 2022-08-29 14:22:54.006 [main] StepDef - url Open...
[INFO ] 2022-08-29 14:22:54.367 [main] StepDef - Enter Email- Password...
[INFO ] 2022-08-29 14:22:58.534 [main] StepDef - Login Button Clicked...
[WARN ] 2022-08-29 14:23:00.558 [main] StepDef - Test Passed : Login Title Page Found
[INFO ] 2022-08-29 14:23:04.321 [main] StepDef - Logout Button Clicked...
[WARN ] 2022-08-29 14:23:06.354 [main] StepDef - Test Passed : Login Title Page Found
[INFO ] 2022-08-29 14:23:06.724 [main] StepDef - Browser Closed...
[INFO ] 2022-08-30 00:50:01.951 [main] StepDef - Setup executed...
[INFO ] 2022-08-30 00:50:02.021 [main] StepDef - launched Chrome Browser...
[INFO ] 2022-08-30 00:50:04.698 [main] StepDef - url Open...
[INFO ] 2022-08-30 00:50:05.066 [main] StepDef - Enter Email- Password...
[INFO ] 2022-08-30 00:50:09.497 [main] StepDef - Login Button Clicked...
[INFO ] 2022-08-30 00:50:11.527 [main] StepDef - Test Passed : User_can_view_dashboad...
[INFO ] 2022-08-30 00:50:11.628 [main] StepDef - Clicked on Customers Menu...
[INFO ] 2022-08-30 00:50:13.613 [main] StepDef - Clicked on customers Menu Item...
[INFO ] 2022-08-30 00:50:13.867 [main] StepDef - Customer EMail Entered
[INFO ] 2022-08-30 00:50:14.050 [main] StepDef - Clicked on search button...
[INFO ] 2022-08-30 00:50:16.115 [main] StepDef - User found Email in the Search table: Test Passed...
[INFO ] 2022-08-30 00:50:16.423 [main] StepDef - Browser Closed...
[INFO ] 2022-08-30 00:50:18.265 [main] StepDef - Setup executed...
[INFO ] 2022-08-30 00:50:18.272 [main] StepDef - launched Chrome Browser...
[INFO ] 2022-08-30 00:50:20.891 [main] StepDef - url Open...
[INFO ] 2022-08-30 00:50:21.229 [main] StepDef - Enter Email- Password...
[INFO ] 2022-08-30 00:50:25.410 [main] StepDef - Login Button Clicked...
[WARN ] 2022-08-30 00:50:27.437 [main] StepDef - Test Passed : Login Title Page Found
[INFO ] 2022-08-30 00:50:31.393 [main] StepDef - Logout Button Clicked...
[WARN ] 2022-08-30 00:50:33.412 [main] StepDef - Test Passed : Login Title Page Found
[INFO ] 2022-08-30 00:50:33.629 [main] StepDef - Browser Closed...
[INFO ] 2022-08-30 00:54:19.003 [main] StepDef - Setup executed...
[INFO ] 2022-08-30 00:54:19.059 [main] StepDef - launched Chrome Browser...
[INFO ] 2022-08-30 00:54:21.689 [main] StepDef - url Open...
[INFO ] 2022-08-30 00:54:22.037 [main] StepDef - Enter Email- Password...
[INFO ] 2022-08-30 00:54:26.349 [main] StepDef - Login Button Clicked...
[INFO ] 2022-08-30 00:54:28.374 [main] StepDef - Test Passed : User_can_view_dashboad...
[INFO ] 2022-08-30 00:54:28.501 [main] StepDef - Clicked on Customers Menu...
[INFO ] 2022-08-30 00:54:30.364 [main] StepDef - Clicked on customers Menu Item...
[INFO ] 2022-08-30 00:54:30.619 [main] StepDef - Customer EMail Entered
[INFO ] 2022-08-30 00:54:30.799 [main] StepDef - Clicked on search button...
[INFO ] 2022-08-30 00:54:32.864 [main] StepDef - User found Email in the Search table: Test Passed...
[INFO ] 2022-08-30 00:54:33.190 [main] StepDef - Browser Closed...
[INFO ] 2022-08-30 00:54:34.916 [main] StepDef - Setup executed...
[INFO ] 2022-08-30 00:54:34.919 [main] StepDef - launched Chrome Browser...
[INFO ] 2022-08-30 00:54:37.589 [main] StepDef - url Open...
[INFO ] 2022-08-30 00:54:37.929 [main] StepDef - Enter Email- Password...
[INFO ] 2022-08-30 00:54:41.342 [main] StepDef - Login Button Clicked...
[WARN ] 2022-08-30 00:54:43.377 [main] StepDef - Test Passed : Login Title Page Found
[INFO ] 2022-08-30 00:54:46.953 [main] StepDef - Logout Button Clicked...
[WARN ] 2022-08-30 00:54:48.973 [main] StepDef - Test Passed : Login Title Page Found
[INFO ] 2022-08-30 00:54:49.178 [main] StepDef - Browser Closed...
[INFO ] 2022-08-30 00:55:43.986 [main] StepDef - Setup executed...
[INFO ] 2022-08-30 00:55:44.059 [main] StepDef - launched Chrome Browser...
[INFO ] 2022-08-30 00:55:45.771 [main] StepDef - url Open...
[INFO ] 2022-08-30 00:55:46.103 [main] StepDef - Enter Email- Password...
[INFO ] 2022-08-30 00:55:49.812 [main] StepDef - Login Button Clicked...
[INFO ] 2022-08-30 00:55:51.859 [main] StepDef - Test Passed : User_can_view_dashboad...
[INFO ] 2022-08-30 00:55:51.959 [main] StepDef - Clicked on Customers Menu...
[INFO ] 2022-08-30 00:55:54.037 [main] StepDef - Clicked on customers Menu Item...
[INFO ] 2022-08-30 00:55:54.234 [main] StepDef - Customer EMail Entered
[INFO ] 2022-08-30 00:55:54.341 [main] StepDef - Clicked on search button...
[INFO ] 2022-08-30 00:55:56.441 [main] StepDef - User found Email in the Search table: Test Passed...
[INFO ] 2022-08-30 00:55:56.705 [main] StepDef - Browser Closed...
[INFO ] 2022-08-30 00:55:58.156 [main] StepDef - Setup executed...
[INFO ] 2022-08-30 00:55:58.159 [main] StepDef - launched Chrome Browser...
[INFO ] 2022-08-30 00:56:29.835 [main] StepDef - url Open...
[INFO ] 2022-08-30 00:57:43.626 [main] StepDef - Setup executed...
[INFO ] 2022-08-30 00:57:43.728 [main] StepDef - launched Chrome Browser...
[INFO ] 2022-08-30 00:57:46.400 [main] StepDef - url Open...
[INFO ] 2022-08-30 00:57:46.815 [main] StepDef - Enter Email- Password...
[INFO ] 2022-08-30 00:57:50.440 [main] StepDef - Login Button Clicked...
[INFO ] 2022-08-30 00:57:52.481 [main] StepDef - Test Passed : User_can_view_dashboad...
[INFO ] 2022-08-30 00:57:52.579 [main] StepDef - Clicked on Customers Menu...
[INFO ] 2022-08-30 00:57:54.403 [main] StepDef - Clicked on customers Menu Item...
[INFO ] 2022-08-30 00:57:54.606 [main] StepDef - Customer EMail Entered
[INFO ] 2022-08-30 00:57:54.722 [main] StepDef - Clicked on search button...
[INFO ] 2022-08-30 00:57:56.861 [main] StepDef - User found Email in the Search table: Test Passed...
[INFO ] 2022-08-30 00:57:57.061 [main] StepDef - Browser Closed...
[INFO ] 2022-08-30 00:57:58.588 [main] StepDef - Setup executed...
[INFO ] 2022-08-30 00:57:58.593 [main] StepDef - launched Chrome Browser...
[INFO ] 2022-08-30 00:58:01.169 [main] StepDef - url Open...
[INFO ] 2022-08-30 00:58:01.493 [main] StepDef - Enter Email- Password...
[INFO ] 2022-08-30 00:58:04.875 [main] StepDef - Login Button Clicked...
[WARN ] 2022-08-30 00:58:06.890 [main] StepDef - Test Passed : Login Title Page Found
[INFO ] 2022-08-30 00:58:10.474 [main] StepDef - Logout Button Clicked...
[WARN ] 2022-08-30 00:58:12.494 [main] StepDef - Test Passed : Login Title Page Found
[INFO ] 2022-08-30 00:58:12.713 [main] StepDef - Browser Closed...
[INFO ] 2022-08-30 00:58:48.921 [main] StepDef - Setup executed...
[INFO ] 2022-08-30 00:58:48.993 [main] StepDef - launched Chrome Browser...
[INFO ] 2022-08-30 00:58:51.360 [main] StepDef - url Open...
[INFO ] 2022-08-30 00:58:51.693 [main] StepDef - Enter Email- Password...
[INFO ] 2022-08-30 00:58:55.394 [main] StepDef - Login Button Clicked...
[INFO ] 2022-08-30 00:58:57.426 [main] StepDef - Test Passed : User_can_view_dashboad...
[INFO ] 2022-08-30 00:58:57.556 [main] StepDef - Clicked on Customers Menu...
[INFO ] 2022-08-30 00:58:59.451 [main] StepDef - Clicked on customers Menu Item...
[INFO ] 2022-08-30 00:58:59.672 [main] StepDef - Customer EMail Entered
[INFO ] 2022-08-30 00:59:12.009 [main] StepDef - Setup executed...
[INFO ] 2022-08-30 00:59:12.016 [main] StepDef - launched Chrome Browser...
[INFO ] 2022-08-30 00:59:14.774 [main] StepDef - url Open...
[INFO ] 2022-08-30 00:59:15.190 [main] StepDef - Enter Email- Password...
[INFO ] 2022-08-30 00:59:18.899 [main] StepDef - Login Button Clicked...
[WARN ] 2022-08-30 00:59:20.929 [main] StepDef - Test Passed : Login Title Page Found
[INFO ] 2022-08-30 00:59:24.514 [main] StepDef - Logout Button Clicked...
[WARN ] 2022-08-30 00:59:26.532 [main] StepDef - Test Passed : Login Title Page Found
[INFO ] 2022-08-30 00:59:26.816 [main] StepDef - Browser Closed...
[INFO ] 2022-08-30 01:12:09.942 [main] StepDef - Setup executed...
[INFO ] 2022-08-30 01:12:09.999 [main] StepDef - launched Chrome Browser...
[INFO ] 2022-08-30 01:12:12.640 [main] StepDef - url Open...
[INFO ] 2022-08-30 01:12:12.968 [main] StepDef - Enter Email- Password...
[INFO ] 2022-08-30 01:12:17.479 [main] StepDef - Login Button Clicked...
[INFO ] 2022-08-30 01:12:19.517 [main] StepDef - Test Passed : User_can_view_dashboad...
[INFO ] 2022-08-30 01:12:19.663 [main] StepDef - Clicked on Customers Menu...
[INFO ] 2022-08-30 01:12:21.699 [main] StepDef - Clicked on customers Menu Item...
[INFO ] 2022-08-30 01:12:21.997 [main] StepDef - Customer EMail Entered
[INFO ] 2022-08-30 01:12:22.103 [main] StepDef - Clicked on search button...
[INFO ] 2022-08-30 01:12:24.163 [main] StepDef - User found Email in the Search table: Test Passed...
[INFO ] 2022-08-30 01:12:24.360 [main] StepDef - Browser Closed...
[INFO ] 2022-08-30 01:12:25.739 [main] StepDef - Setup executed...
[INFO ] 2022-08-30 01:12:25.741 [main] StepDef - launched Chrome Browser...
[INFO ] 2022-08-30 01:12:28.336 [main] StepDef - url Open...
[INFO ] 2022-08-30 01:12:28.644 [main] StepDef - Enter Email- Password...
[INFO ] 2022-08-30 01:12:33.126 [main] StepDef - Login Button Clicked...
[WARN ] 2022-08-30 01:12:35.137 [main] StepDef - Test Passed : Login Title Page Found
[INFO ] 2022-08-30 01:12:38.664 [main] StepDef - Logout Button Clicked...
[WARN ] 2022-08-30 01:12:40.687 [main] StepDef - Test Passed : Login Title Page Found
[INFO ] 2022-08-30 01:12:40.854 [main] StepDef - Browser Closed...
